<?xml version="1.0" encoding="UTF-8"?>
<!-- Generated by org.testng.reporters.JUnitReportReporter -->
<testsuite failures="0" tests="1" name="com.qa.hs.tests.LoginTest" time="144.793" errors="0" timestamp="23 Aug 2021 13:48:37 GMT" skipped="0">
  <testcase classname="com.qa.hs.tests.LoginTest" name="loginTest" time="144.793"/>
</testsuite> <!-- com.qa.hs.tests.LoginTest -->
